<?xml version="1.0" encoding="UTF-8"?>
<testsuite name="co.com.appgatetest.cesar.runners.APITest" tests="0" skipped="0" failures="0" errors="0" timestamp="1970-01-01T00:00:00" hostname="CESAR-PC" time="0.0">
  <properties/>
  <system-out><![CDATA[
4 Scenarios (?[32m4 passed?[0m)
12 Steps (?[32m12 passed?[0m)
0m10.453s


]]></system-out>
  <system-err><![CDATA[[Test worker] INFO  - 

-------------------------------------------------------------------------------------
     _______. _______ .______       _______ .__   __.  __  .___________.____    ____ 
    /       ||   ____||   _  \     |   ____||  \ |  | |  | |           |\   \  /   / 
   |   (----`|  |__   |  |_)  |    |  |__   |   \|  | |  | `---|  |----` \   \/   /  
    \   \    |   __|  |      /     |   __|  |  . `  | |  |     |  |       \_    _/   
.----)   |   |  |____ |  |\  \----.|  |____ |  |\   | |  |     |  |         |  |     
|_______/    |_______|| _| `._____||_______||__| \__| |__|     |__|         |__|    
                                                                                     
 News and tutorials at http://www.serenity-bdd.info                                  
 Documentation at https://wakaleo.gitbooks.io/the-serenity-book/content/             
 Join the Serenity Community on Gitter: https://gitter.im/serenity-bdd/serenity-core 
 Serenity BDD Support and Training at http://serenity-bdd.info/#/trainingandsupport  
-------------------------------------------------------------------------------------

[Test worker] INFO  - Test Suite Started: Get the geolocalization information
[pool-2-thread-1] INFO serenity.reporting - 
--------------------------------------------------------------
| TEST NAME:   Get the geolocation information with valid data
| RESULT:      Passing
| REQUIREMENT: Get the geolocalization information
| REPORT:      file:///C:/Users/cesar/Desktop/TestAppGate/target/site/serenity/ea7325d1ab8d383bbd216c57f73ec973a804c11218a19adc0c5d445130f7fa0d.html
--------------------------------------------------------------
[pool-2-thread-2] INFO serenity.reporting - 
-------------------------------------------------------------------------
| TEST NAME:   Try to Get the geolocalization information with wrong data
| RESULT:      Passing
| REQUIREMENT: Get the geolocalization information
| REPORT:      file:///C:/Users/cesar/Desktop/TestAppGate/target/site/serenity/bbaf5717019b2f870ec8ee1f2892f07ace744b0d4b60fb02165c22c320386675.html
-------------------------------------------------------------------------
]]></system-err>
</testsuite>
