<?xml version="1.0" encoding="UTF-8"?>
<testsuite name="Get the geolocalization information" tests="4" skipped="0" failures="0" errors="0" timestamp="2022-04-25T03:33:12" hostname="CESAR-PC" time="10.03">
  <properties/>
  <testcase name="Get the geolocation information with valid data" classname="Get the geolocalization information" time="7.359"/>
  <testcase name="Try to Get the geolocalization information with wrong data #1" classname="Get the geolocalization information" time="1.548"/>
  <testcase name="Try to Get the geolocalization information with wrong data #2" classname="Get the geolocalization information" time="0.545"/>
  <testcase name="Try to Get the geolocalization information with wrong data #3" classname="Get the geolocalization information" time="0.573"/>
  <system-out><![CDATA[|-- 1: Get the geolocation information with valid data ({latitude=-10, longitude=20})
|---- Given the user wants to get the geolocalization information
|------ User connect
|---- When the user put the 20 and -10
|------ User consume
|-------- user executes a GET on the resource timezoneJSON
|---- Then the user gets the geolocalization information
| countryCode | timezoneId | countryName |
| AO | Africa/Luanda | Angola |
|------ Then countryCode should be 'AO'
|------ Then timezoneId should be 'Africa/Luanda'
|------ Then countryName should be 'Angola'
|-- 1: Try to Get the geolocalization information with wrong data ({longitude=180, latitude=90, message=no timezone information found for lat/lng})
|---- Given the user wants to get the geolocalization information
|------ User connect
|---- When the user put the wrong 180 and 90
|------ User consume
|-------- user executes a GET on the resource timezoneJSON
|---- Then the user do not gets the geolocalization information and show no timezone information found for lat/lng
|------ Message obtained: no timezone information found for lat/lng
|-- 2: Try to Get the geolocalization information with wrong data ({longitude=-200, latitude=-100, message=invalid lat/lng})
|---- Given the user wants to get the geolocalization information
|------ User connect
|---- When the user put the wrong -200 and -100
|------ User consume
|-------- user executes a GET on the resource timezoneJSON
|---- Then the user do not gets the geolocalization information and show invalid lat/lng
|------ Message obtained: invalid lat/lng
|-- 3: Try to Get the geolocalization information with wrong data ({longitude=200, latitude=100, message=invalid lat/lng})
|---- Given the user wants to get the geolocalization information
|------ User connect
|---- When the user put the wrong 200 and 100
|------ User consume
|-------- user executes a GET on the resource timezoneJSON
|---- Then the user do not gets the geolocalization information and show invalid lat/lng
|------ Message obtained: invalid lat/lng
]]></system-out>
  <system-err><![CDATA[[Test worker] INFO  - 
  _____   ___   ___   _____     ___   _____     _     ___   _____   ___   ___  
 |_   _| | __| / __| |_   _|   / __| |_   _|   /_\   | _ \ |_   _| | __| |   \ 
   | |   | _|  \__ \   | |     \__ \   | |    / _ \  |   /   | |   | _|  | |) |
   |_|   |___| |___/   |_|     |___/   |_|   /_/ \_\ |_|_\   |_|   |___| |___/ 

Get the geolocation information with valid data(get-the-geolocalization-information;get-the-geolocation-information-with-valid-data)
--------------------------------------------------------------------------------
[Test worker] INFO  - 
  _____   ___   ___   _____     ___     _     ___   ___   ___   ___  
 |_   _| | __| / __| |_   _|   | _ \   /_\   / __| / __| | __| |   \ 
   | |   | _|  \__ \   | |     |  _/  / _ \  \__ \ \__ \ | _|  | |) |
   |_|   |___| |___/   |_|     |_|   /_/ \_\ |___/ |___/ |___| |___/ 

Get the geolocation information with valid data
----------------------------------------------------------------------
[Test worker] INFO  - 
  _____   ___   ___   _____     ___   _____     _     ___   _____   ___   ___  
 |_   _| | __| / __| |_   _|   / __| |_   _|   /_\   | _ \ |_   _| | __| |   \ 
   | |   | _|  \__ \   | |     \__ \   | |    / _ \  |   /   | |   | _|  | |) |
   |_|   |___| |___/   |_|     |___/   |_|   /_/ \_\ |_|_\   |_|   |___| |___/ 

Try to Get the geolocalization information with wrong data(get-the-geolocalization-information;try-to-get-the-geolocalization-information-with-wrong-data)
--------------------------------------------------------------------------------
[Test worker] INFO  - 
  _____   ___   ___   _____     ___     _     ___   ___   ___   ___  
 |_   _| | __| / __| |_   _|   | _ \   /_\   / __| / __| | __| |   \ 
   | |   | _|  \__ \   | |     |  _/  / _ \  \__ \ \__ \ | _|  | |) |
   |_|   |___| |___/   |_|     |_|   /_/ \_\ |___/ |___/ |___| |___/ 

Try to Get the geolocalization information with wrong data
----------------------------------------------------------------------
[Test worker] INFO  - 
  _____   ___   ___   _____     ___     _     ___   ___   ___   ___  
 |_   _| | __| / __| |_   _|   | _ \   /_\   / __| / __| | __| |   \ 
   | |   | _|  \__ \   | |     |  _/  / _ \  \__ \ \__ \ | _|  | |) |
   |_|   |___| |___/   |_|     |_|   /_/ \_\ |___/ |___/ |___| |___/ 

Try to Get the geolocalization information with wrong data
----------------------------------------------------------------------
]]></system-err>
</testsuite>
